<?xml version="1.0" encoding="utf-8"?>
<coverage line-rate="0.977" branch-rate="0.9411" version="1.9" timestamp="1765891925" lines-covered="170" lines-valid="174" branches-covered="32" branches-valid="34">
  <sources>
    <source>C:\Users\pilib\source\repos\CodingBash\CodingBash\</source>
  </sources>
  <packages>
    <package name="CodingBash" line-rate="0.977" branch-rate="0.9411" complexity="40">
      <classes>
        <class name="CodingBash.Workflows.ElfWorkflow" filename="Workflows\ElfWorkflow.cs" line-rate="1" branch-rate="1" complexity="1">
          <methods>
            <method name=".ctor" signature="(CodingBash.Interfaces.IToyMachine,CodingBash.Interfaces.IElf,CodingBash.Interfaces.ISleigh)" line-rate="1" branch-rate="1" complexity="1">
              <lines>
                <line number="19" hits="3" branch="False" />
                <line number="20" hits="3" branch="False" />
                <line number="21" hits="3" branch="False" />
                <line number="22" hits="3" branch="False" />
                <line number="23" hits="3" branch="False" />
                <line number="24" hits="3" branch="False" />
                <line number="25" hits="3" branch="False" />
                <line number="26" hits="3" branch="False" />
                <line number="27" hits="3" branch="False" />
              </lines>
            </method>
          </methods>
          <lines>
            <line number="19" hits="3" branch="False" />
            <line number="20" hits="3" branch="False" />
            <line number="21" hits="3" branch="False" />
            <line number="22" hits="3" branch="False" />
            <line number="23" hits="3" branch="False" />
            <line number="24" hits="3" branch="False" />
            <line number="25" hits="3" branch="False" />
            <line number="26" hits="3" branch="False" />
            <line number="27" hits="3" branch="False" />
          </lines>
        </class>
        <class name="CodingBash.Workflows.ElfWorkflow/&lt;Work&gt;d__4" filename="Workflows\ElfWorkflow.cs" line-rate="1" branch-rate="1" complexity="2">
          <methods>
            <method name="MoveNext" signature="()" line-rate="1" branch-rate="1" complexity="2">
              <lines>
                <line number="30" hits="3" branch="False" />
                <line number="33" hits="8" branch="False" />
                <line number="34" hits="8" branch="False" />
                <line number="35" hits="8" branch="False" />
                <line number="36" hits="8" branch="False" />
                <line number="37" hits="8" branch="False" />
                <line number="39" hits="8" branch="True" condition-coverage="100% (2/2)">
                  <conditions>
                    <condition number="184" type="jump" coverage="100%" />
                  </conditions>
                </line>
                <line number="40" hits="3" branch="False" />
                <line number="41" hits="3" branch="False" />
                <line number="42" hits="3" branch="False" />
                <line number="45" hits="5" branch="False" />
                <line number="47" hits="5" branch="False" />
                <line number="48" hits="5" branch="False" />
                <line number="49" hits="5" branch="False" />
                <line number="50" hits="5" branch="False" />
                <line number="51" hits="3" branch="False" />
              </lines>
            </method>
          </methods>
          <lines>
            <line number="30" hits="3" branch="False" />
            <line number="33" hits="8" branch="False" />
            <line number="34" hits="8" branch="False" />
            <line number="35" hits="8" branch="False" />
            <line number="36" hits="8" branch="False" />
            <line number="37" hits="8" branch="False" />
            <line number="39" hits="8" branch="True" condition-coverage="100% (2/2)">
              <conditions>
                <condition number="184" type="jump" coverage="100%" />
              </conditions>
            </line>
            <line number="40" hits="3" branch="False" />
            <line number="41" hits="3" branch="False" />
            <line number="42" hits="3" branch="False" />
            <line number="45" hits="5" branch="False" />
            <line number="47" hits="5" branch="False" />
            <line number="48" hits="5" branch="False" />
            <line number="49" hits="5" branch="False" />
            <line number="50" hits="5" branch="False" />
            <line number="51" hits="3" branch="False" />
          </lines>
        </class>
        <class name="CodingBash.Workflows.MrsClausWorkFlow" filename="Workflows\MrsClausWorkFlow.cs" line-rate="0.9759" branch-rate="0.8887999999999999" complexity="19">
          <methods>
            <method name="CancelFamily" signature="(System.String)" line-rate="1" branch-rate="1" complexity="2">
              <lines>
                <line number="74" hits="3" branch="False" />
                <line number="75" hits="3" branch="False" />
                <line number="78" hits="3" branch="True" condition-coverage="100% (2/2)">
                  <conditions>
                    <condition number="31" type="jump" coverage="100%" />
                  </conditions>
                </line>
                <line number="79" hits="1" branch="False" />
                <line number="80" hits="1" branch="False" />
                <line number="81" hits="1" branch="False" />
                <line number="82" hits="1" branch="False" />
                <line number="83" hits="1" branch="False" />
                <line number="84" hits="1" branch="False" />
                <line number="85" hits="1" branch="False" />
                <line number="87" hits="2" branch="False" />
                <line number="88" hits="2" branch="False" />
                <line number="89" hits="2" branch="False" />
                <line number="90" hits="2" branch="False" />
                <line number="91" hits="2" branch="False" />
                <line number="92" hits="3" branch="False" />
              </lines>
            </method>
            <method name="IsFamilyCancelled" signature="(System.String)" line-rate="1" branch-rate="0.5" complexity="2">
              <lines>
                <line number="95" hits="112" branch="False" />
                <line number="96" hits="112" branch="True" condition-coverage="50% (1/2)">
                  <conditions>
                    <condition number="9" type="jump" coverage="50%" />
                  </conditions>
                </line>
                <line number="98" hits="112" branch="False" />
                <line number="99" hits="112" branch="False" />
              </lines>
            </method>
            <method name="EnqueuePresent" signature="(CodingBash.Models.Present)" line-rate="1" branch-rate="1" complexity="2">
              <lines>
                <line number="137" hits="112" branch="False" />
                <line number="138" hits="112" branch="True" condition-coverage="100% (2/2)">
                  <conditions>
                    <condition number="15" type="jump" coverage="100%" />
                  </conditions>
                </line>
                <line number="139" hits="2" branch="False" />
                <line number="140" hits="2" branch="False" />
                <line number="141" hits="2" branch="False" />
                <line number="142" hits="2" branch="False" />
                <line number="143" hits="2" branch="False" />
                <line number="144" hits="2" branch="False" />
                <line number="147" hits="110" branch="False" />
                <line number="148" hits="110" branch="False" />
                <line number="149" hits="180" branch="False" />
                <line number="151" hits="110" branch="False" />
                <line number="154" hits="110" branch="False" />
                <line number="155" hits="112" branch="False" />
              </lines>
            </method>
            <method name="TryGetNextPresentForElf" signature="(System.String&amp;,CodingBash.Models.Present&amp;)" line-rate="1" branch-rate="1" complexity="6">
              <lines>
                <line number="195" hits="130" branch="False" />
                <line number="197" hits="130" branch="True" condition-coverage="100% (2/2)">
                  <conditions>
                    <condition number="13" type="jump" coverage="100%" />
                  </conditions>
                </line>
                <line number="198" hits="110" branch="False" />
                <line number="199" hits="110" branch="True" condition-coverage="100% (2/2)">
                  <conditions>
                    <condition number="27" type="jump" coverage="100%" />
                  </conditions>
                </line>
                <line number="200" hits="40" branch="False" />
                <line number="201" hits="40" branch="False" />
                <line number="203" hits="70" branch="False" />
                <line number="207" hits="90" branch="False" />
                <line number="209" hits="90" branch="True" condition-coverage="100% (2/2)">
                  <conditions>
                    <condition number="51" type="jump" coverage="100%" />
                  </conditions>
                </line>
                <line number="210" hits="70" branch="False" />
                <line number="211" hits="70" branch="False" />
                <line number="212" hits="70" branch="False" />
                <line number="216" hits="20" branch="False" />
                <line number="217" hits="20" branch="False" />
                <line number="218" hits="20" branch="False" />
                <line number="219" hits="130" branch="False" />
              </lines>
            </method>
            <method name="TryDequeueForFamily" signature="(System.String,CodingBash.Models.Present&amp;)" line-rate="0.7142000000000001" branch-rate="0.5" complexity="2">
              <lines>
                <line number="222" hits="110" branch="False" />
                <line number="223" hits="110" branch="False" />
                <line number="226" hits="110" branch="True" condition-coverage="50% (1/2)">
                  <conditions>
                    <condition number="23" type="jump" coverage="50%" />
                  </conditions>
                </line>
                <line number="227" hits="0" branch="False" />
                <line number="228" hits="0" branch="False" />
                <line number="231" hits="110" branch="False" />
                <line number="232" hits="110" branch="False" />
              </lines>
            </method>
            <method name="TryDequeueAny" signature="(CodingBash.Models.Present&amp;,System.String&amp;)" line-rate="1" branch-rate="1" complexity="4">
              <lines>
                <line number="235" hits="90" branch="False" />
                <line number="236" hits="3222" branch="True" condition-coverage="100% (2/2)">
                  <conditions>
                    <condition number="65" type="jump" coverage="100%" />
                  </conditions>
                </line>
                <line number="237" hits="1511" branch="False" />
                <line number="238" hits="1511" branch="False" />
                <line number="240" hits="1511" branch="True" condition-coverage="100% (2/2)">
                  <conditions>
                    <condition number="47" type="jump" coverage="100%" />
                  </conditions>
                </line>
                <line number="241" hits="70" branch="False" />
                <line number="242" hits="70" branch="False" />
                <line number="243" hits="70" branch="False" />
                <line number="245" hits="1441" branch="False" />
                <line number="247" hits="20" branch="False" />
                <line number="248" hits="20" branch="False" />
                <line number="249" hits="20" branch="False" />
                <line number="250" hits="90" branch="False" />
              </lines>
            </method>
            <method name=".ctor" signature="(System.Collections.Generic.List`1&lt;CodingBash.Interfaces.IToyMachine&gt;,System.Collections.Generic.List`1&lt;CodingBash.Interfaces.IElf&gt;,CodingBash.Interfaces.ISleigh)" line-rate="1" branch-rate="1" complexity="1">
              <lines>
                <line number="29" hits="9" branch="False" />
                <line number="30" hits="9" branch="False" />
                <line number="31" hits="9" branch="False" />
                <line number="32" hits="9" branch="False" />
                <line number="33" hits="9" branch="False" />
                <line number="34" hits="9" branch="False" />
                <line number="35" hits="9" branch="False" />
                <line number="36" hits="9" branch="False" />
                <line number="38" hits="9" branch="False" />
                <line number="39" hits="9" branch="False" />
                <line number="40" hits="9" branch="False" />
                <line number="42" hits="9" branch="False" />
                <line number="43" hits="9" branch="False" />
              </lines>
            </method>
          </methods>
          <lines>
            <line number="74" hits="3" branch="False" />
            <line number="75" hits="3" branch="False" />
            <line number="78" hits="3" branch="True" condition-coverage="100% (2/2)">
              <conditions>
                <condition number="31" type="jump" coverage="100%" />
              </conditions>
            </line>
            <line number="79" hits="1" branch="False" />
            <line number="80" hits="1" branch="False" />
            <line number="81" hits="1" branch="False" />
            <line number="82" hits="1" branch="False" />
            <line number="83" hits="1" branch="False" />
            <line number="84" hits="1" branch="False" />
            <line number="85" hits="1" branch="False" />
            <line number="87" hits="2" branch="False" />
            <line number="88" hits="2" branch="False" />
            <line number="89" hits="2" branch="False" />
            <line number="90" hits="2" branch="False" />
            <line number="91" hits="2" branch="False" />
            <line number="92" hits="3" branch="False" />
            <line number="95" hits="112" branch="False" />
            <line number="96" hits="112" branch="True" condition-coverage="50% (1/2)">
              <conditions>
                <condition number="9" type="jump" coverage="50%" />
              </conditions>
            </line>
            <line number="98" hits="112" branch="False" />
            <line number="99" hits="112" branch="False" />
            <line number="137" hits="112" branch="False" />
            <line number="138" hits="112" branch="True" condition-coverage="100% (2/2)">
              <conditions>
                <condition number="15" type="jump" coverage="100%" />
              </conditions>
            </line>
            <line number="139" hits="2" branch="False" />
            <line number="140" hits="2" branch="False" />
            <line number="141" hits="2" branch="False" />
            <line number="142" hits="2" branch="False" />
            <line number="143" hits="2" branch="False" />
            <line number="144" hits="2" branch="False" />
            <line number="147" hits="110" branch="False" />
            <line number="148" hits="110" branch="False" />
            <line number="149" hits="180" branch="False" />
            <line number="151" hits="110" branch="False" />
            <line number="154" hits="110" branch="False" />
            <line number="155" hits="112" branch="False" />
            <line number="195" hits="130" branch="False" />
            <line number="197" hits="130" branch="True" condition-coverage="100% (2/2)">
              <conditions>
                <condition number="13" type="jump" coverage="100%" />
              </conditions>
            </line>
            <line number="198" hits="110" branch="False" />
            <line number="199" hits="110" branch="True" condition-coverage="100% (2/2)">
              <conditions>
                <condition number="27" type="jump" coverage="100%" />
              </conditions>
            </line>
            <line number="200" hits="40" branch="False" />
            <line number="201" hits="40" branch="False" />
            <line number="203" hits="70" branch="False" />
            <line number="207" hits="90" branch="False" />
            <line number="209" hits="90" branch="True" condition-coverage="100% (2/2)">
              <conditions>
                <condition number="51" type="jump" coverage="100%" />
              </conditions>
            </line>
            <line number="210" hits="70" branch="False" />
            <line number="211" hits="70" branch="False" />
            <line number="212" hits="70" branch="False" />
            <line number="216" hits="20" branch="False" />
            <line number="217" hits="20" branch="False" />
            <line number="218" hits="20" branch="False" />
            <line number="219" hits="130" branch="False" />
            <line number="222" hits="110" branch="False" />
            <line number="223" hits="110" branch="False" />
            <line number="226" hits="110" branch="True" condition-coverage="50% (1/2)">
              <conditions>
                <condition number="23" type="jump" coverage="50%" />
              </conditions>
            </line>
            <line number="227" hits="0" branch="False" />
            <line number="228" hits="0" branch="False" />
            <line number="231" hits="110" branch="False" />
            <line number="232" hits="110" branch="False" />
            <line number="235" hits="90" branch="False" />
            <line number="236" hits="3222" branch="True" condition-coverage="100% (2/2)">
              <conditions>
                <condition number="65" type="jump" coverage="100%" />
              </conditions>
            </line>
            <line number="237" hits="1511" branch="False" />
            <line number="238" hits="1511" branch="False" />
            <line number="240" hits="1511" branch="True" condition-coverage="100% (2/2)">
              <conditions>
                <condition number="47" type="jump" coverage="100%" />
              </conditions>
            </line>
            <line number="241" hits="70" branch="False" />
            <line number="242" hits="70" branch="False" />
            <line number="243" hits="70" branch="False" />
            <line number="245" hits="1441" branch="False" />
            <line number="247" hits="20" branch="False" />
            <line number="248" hits="20" branch="False" />
            <line number="249" hits="20" branch="False" />
            <line number="250" hits="90" branch="False" />
            <line number="29" hits="9" branch="False" />
            <line number="30" hits="9" branch="False" />
            <line number="31" hits="9" branch="False" />
            <line number="32" hits="9" branch="False" />
            <line number="33" hits="9" branch="False" />
            <line number="34" hits="9" branch="False" />
            <line number="35" hits="9" branch="False" />
            <line number="36" hits="9" branch="False" />
            <line number="38" hits="9" branch="False" />
            <line number="39" hits="9" branch="False" />
            <line number="40" hits="9" branch="False" />
            <line number="42" hits="9" branch="False" />
            <line number="43" hits="9" branch="False" />
          </lines>
        </class>
        <class name="CodingBash.Workflows.MrsClausWorkFlow/&lt;ConcurrentElvesAndToyMachines&gt;d__8" filename="Workflows\MrsClausWorkFlow.cs" line-rate="1" branch-rate="1" complexity="4">
          <methods>
            <method name="MoveNext" signature="()" line-rate="1" branch-rate="1" complexity="4">
              <lines>
                <line number="50" hits="9" branch="False" />
                <line number="51" hits="9" branch="False" />
                <line number="53" hits="47" branch="True" condition-coverage="100% (2/2)">
                  <conditions>
                    <condition number="139" type="jump" coverage="100%" />
                  </conditions>
                </line>
                <line number="54" hits="10" branch="False" />
                <line number="55" hits="10" branch="False" />
                <line number="56" hits="10" branch="False" />
                <line number="57" hits="10" branch="False" />
                <line number="59" hits="67" branch="True" condition-coverage="100% (2/2)">
                  <conditions>
                    <condition number="288" type="jump" coverage="100%" />
                  </conditions>
                </line>
                <line number="60" hits="20" branch="False" />
                <line number="61" hits="20" branch="False" />
                <line number="62" hits="20" branch="False" />
                <line number="63" hits="20" branch="False" />
                <line number="65" hits="9" branch="False" />
                <line number="66" hits="9" branch="False" />
              </lines>
            </method>
          </methods>
          <lines>
            <line number="50" hits="9" branch="False" />
            <line number="51" hits="9" branch="False" />
            <line number="53" hits="47" branch="True" condition-coverage="100% (2/2)">
              <conditions>
                <condition number="139" type="jump" coverage="100%" />
              </conditions>
            </line>
            <line number="54" hits="10" branch="False" />
            <line number="55" hits="10" branch="False" />
            <line number="56" hits="10" branch="False" />
            <line number="57" hits="10" branch="False" />
            <line number="59" hits="67" branch="True" condition-coverage="100% (2/2)">
              <conditions>
                <condition number="288" type="jump" coverage="100%" />
              </conditions>
            </line>
            <line number="60" hits="20" branch="False" />
            <line number="61" hits="20" branch="False" />
            <line number="62" hits="20" branch="False" />
            <line number="63" hits="20" branch="False" />
            <line number="65" hits="9" branch="False" />
            <line number="66" hits="9" branch="False" />
          </lines>
        </class>
        <class name="CodingBash.Workflows.MrsClausWorkFlow/&lt;RunElfs&gt;d__13" filename="Workflows\MrsClausWorkFlow.cs" line-rate="0.9473" branch-rate="1" complexity="4">
          <methods>
            <method name="MoveNext" signature="()" line-rate="0.9473" branch-rate="1" complexity="4">
              <lines>
                <line number="158" hits="20" branch="False" />
                <line number="159" hits="20" branch="False" />
                <line number="161" hits="130" branch="False" />
                <line number="162" hits="130" branch="False" />
                <line number="163" hits="130" branch="False" />
                <line number="164" hits="130" branch="False" />
                <line number="165" hits="130" branch="False" />
                <line number="168" hits="130" branch="False" />
                <line number="170" hits="130" branch="True" condition-coverage="100% (2/2)">
                  <conditions>
                    <condition number="196" type="jump" coverage="100%" />
                  </conditions>
                </line>
                <line number="171" hits="20" branch="False" />
                <line number="174" hits="20" branch="True" condition-coverage="100% (2/2)">
                  <conditions>
                    <condition number="222" type="jump" coverage="100%" />
                  </conditions>
                </line>
                <line number="175" hits="20" branch="False" />
                <line number="176" hits="20" branch="False" />
                <line number="180" hits="0" branch="False" />
                <line number="183" hits="110" branch="False" />
                <line number="184" hits="110" branch="False" />
                <line number="185" hits="110" branch="False" />
                <line number="186" hits="110" branch="False" />
                <line number="187" hits="20" branch="False" />
              </lines>
            </method>
          </methods>
          <lines>
            <line number="158" hits="20" branch="False" />
            <line number="159" hits="20" branch="False" />
            <line number="161" hits="130" branch="False" />
            <line number="162" hits="130" branch="False" />
            <line number="163" hits="130" branch="False" />
            <line number="164" hits="130" branch="False" />
            <line number="165" hits="130" branch="False" />
            <line number="168" hits="130" branch="False" />
            <line number="170" hits="130" branch="True" condition-coverage="100% (2/2)">
              <conditions>
                <condition number="196" type="jump" coverage="100%" />
              </conditions>
            </line>
            <line number="171" hits="20" branch="False" />
            <line number="174" hits="20" branch="True" condition-coverage="100% (2/2)">
              <conditions>
                <condition number="222" type="jump" coverage="100%" />
              </conditions>
            </line>
            <line number="175" hits="20" branch="False" />
            <line number="176" hits="20" branch="False" />
            <line number="180" hits="0" branch="False" />
            <line number="183" hits="110" branch="False" />
            <line number="184" hits="110" branch="False" />
            <line number="185" hits="110" branch="False" />
            <line number="186" hits="110" branch="False" />
            <line number="187" hits="20" branch="False" />
          </lines>
        </class>
        <class name="CodingBash.Workflows.MrsClausWorkFlow/&lt;RunToyMachines&gt;d__11" filename="Workflows\MrsClausWorkFlow.cs" line-rate="1" branch-rate="1" complexity="6">
          <methods>
            <method name="MoveNext" signature="()" line-rate="1" branch-rate="1" complexity="6">
              <lines>
                <line number="102" hits="10" branch="False" />
                <line number="104" hits="10" branch="False" />
                <line number="105" hits="122" branch="False" />
                <line number="106" hits="122" branch="False" />
                <line number="107" hits="122" branch="False" />
                <line number="108" hits="122" branch="False" />
                <line number="109" hits="122" branch="False" />
                <line number="111" hits="122" branch="True" condition-coverage="100% (2/2)">
                  <conditions>
                    <condition number="177" type="jump" coverage="100%" />
                  </conditions>
                </line>
                <line number="112" hits="10" branch="False" />
                <line number="114" hits="10" branch="False" />
                <line number="117" hits="112" branch="False" />
                <line number="118" hits="112" branch="False" />
                <line number="119" hits="10" branch="False" />
                <line number="121" hits="10" branch="False" />
                <line number="122" hits="10" branch="False" />
                <line number="126" hits="10" branch="True" condition-coverage="100% (2/2)">
                  <conditions>
                    <condition number="259" type="jump" coverage="100%" />
                  </conditions>
                </line>
                <line number="127" hits="9" branch="False" />
                <line number="128" hits="58" branch="True" condition-coverage="100% (2/2)">
                  <conditions>
                    <condition number="336" type="jump" coverage="100%" />
                  </conditions>
                </line>
                <line number="129" hits="20" branch="False" />
                <line number="130" hits="20" branch="False" />
                <line number="131" hits="20" branch="False" />
                <line number="132" hits="9" branch="False" />
                <line number="133" hits="10" branch="False" />
                <line number="134" hits="10" branch="False" />
              </lines>
            </method>
          </methods>
          <lines>
            <line number="102" hits="10" branch="False" />
            <line number="104" hits="10" branch="False" />
            <line number="105" hits="122" branch="False" />
            <line number="106" hits="122" branch="False" />
            <line number="107" hits="122" branch="False" />
            <line number="108" hits="122" branch="False" />
            <line number="109" hits="122" branch="False" />
            <line number="111" hits="122" branch="True" condition-coverage="100% (2/2)">
              <conditions>
                <condition number="177" type="jump" coverage="100%" />
              </conditions>
            </line>
            <line number="112" hits="10" branch="False" />
            <line number="114" hits="10" branch="False" />
            <line number="117" hits="112" branch="False" />
            <line number="118" hits="112" branch="False" />
            <line number="119" hits="10" branch="False" />
            <line number="121" hits="10" branch="False" />
            <line number="122" hits="10" branch="False" />
            <line number="126" hits="10" branch="True" condition-coverage="100% (2/2)">
              <conditions>
                <condition number="259" type="jump" coverage="100%" />
              </conditions>
            </line>
            <line number="127" hits="9" branch="False" />
            <line number="128" hits="58" branch="True" condition-coverage="100% (2/2)">
              <conditions>
                <condition number="336" type="jump" coverage="100%" />
              </conditions>
            </line>
            <line number="129" hits="20" branch="False" />
            <line number="130" hits="20" branch="False" />
            <line number="131" hits="20" branch="False" />
            <line number="132" hits="9" branch="False" />
            <line number="133" hits="10" branch="False" />
            <line number="134" hits="10" branch="False" />
          </lines>
        </class>
        <class name="CodingBash.Models.Present" filename="Models\Present.cs" line-rate="0.8887999999999999" branch-rate="1" complexity="4">
          <methods>
            <method name="get_Id" signature="()" line-rate="1" branch-rate="1" complexity="1">
              <lines>
                <line number="11" hits="566" branch="False" />
              </lines>
            </method>
            <method name="get_FamilyId" signature="()" line-rate="1" branch-rate="1" complexity="1">
              <lines>
                <line number="13" hits="252" branch="False" />
              </lines>
            </method>
            <method name="get_Description" signature="()" line-rate="0" branch-rate="1" complexity="1">
              <lines>
                <line number="15" hits="0" branch="False" />
              </lines>
            </method>
            <method name=".ctor" signature="(System.String,System.String,System.String)" line-rate="1" branch-rate="1" complexity="1">
              <lines>
                <line number="18" hits="117" branch="False" />
                <line number="19" hits="117" branch="False" />
                <line number="20" hits="117" branch="False" />
                <line number="21" hits="117" branch="False" />
                <line number="22" hits="117" branch="False" />
                <line number="23" hits="117" branch="False" />
              </lines>
            </method>
          </methods>
          <lines>
            <line number="11" hits="566" branch="False" />
            <line number="13" hits="252" branch="False" />
            <line number="15" hits="0" branch="False" />
            <line number="18" hits="117" branch="False" />
            <line number="19" hits="117" branch="False" />
            <line number="20" hits="117" branch="False" />
            <line number="21" hits="117" branch="False" />
            <line number="22" hits="117" branch="False" />
            <line number="23" hits="117" branch="False" />
          </lines>
        </class>
      </classes>
    </package>
  </packages>
</coverage>