<?xml version="1.0" encoding="utf-8"?>
<coverage line-rate="0.9354" branch-rate="0.9285" version="1.9" timestamp="1765455939" lines-covered="87" lines-valid="93" branches-covered="13" branches-valid="14">
  <sources>
    <source>C:\Users\pilib\source\repos\CodingBash\CodingBash\</source>
  </sources>
  <packages>
    <package name="CodingBash" line-rate="0.9354" branch-rate="0.9285" complexity="20">
      <classes>
        <class name="CodingBash.Workflows.ElfWorkflow" filename="Workflows\ElfWorkflow.cs" line-rate="1" branch-rate="1" complexity="1">
          <methods>
            <method name=".ctor" signature="(CodingBash.Interfaces.IToyMachine,CodingBash.Interfaces.IElf,CodingBash.Interfaces.ISleigh)" line-rate="1" branch-rate="1" complexity="1">
              <lines>
                <line number="19" hits="3" branch="False" />
                <line number="20" hits="3" branch="False" />
                <line number="21" hits="3" branch="False" />
                <line number="22" hits="3" branch="False" />
                <line number="23" hits="3" branch="False" />
                <line number="24" hits="3" branch="False" />
                <line number="25" hits="3" branch="False" />
                <line number="26" hits="3" branch="False" />
                <line number="27" hits="3" branch="False" />
              </lines>
            </method>
          </methods>
          <lines>
            <line number="19" hits="3" branch="False" />
            <line number="20" hits="3" branch="False" />
            <line number="21" hits="3" branch="False" />
            <line number="22" hits="3" branch="False" />
            <line number="23" hits="3" branch="False" />
            <line number="24" hits="3" branch="False" />
            <line number="25" hits="3" branch="False" />
            <line number="26" hits="3" branch="False" />
            <line number="27" hits="3" branch="False" />
          </lines>
        </class>
        <class name="CodingBash.Workflows.ElfWorkflow/&lt;Work&gt;d__4" filename="Workflows\ElfWorkflow.cs" line-rate="1" branch-rate="1" complexity="2">
          <methods>
            <method name="MoveNext" signature="()" line-rate="1" branch-rate="1" complexity="2">
              <lines>
                <line number="30" hits="3" branch="False" />
                <line number="33" hits="8" branch="False" />
                <line number="34" hits="8" branch="False" />
                <line number="35" hits="8" branch="False" />
                <line number="36" hits="8" branch="False" />
                <line number="37" hits="8" branch="False" />
                <line number="39" hits="8" branch="True" condition-coverage="100% (2/2)">
                  <conditions>
                    <condition number="184" type="jump" coverage="100%" />
                  </conditions>
                </line>
                <line number="40" hits="3" branch="False" />
                <line number="41" hits="3" branch="False" />
                <line number="42" hits="3" branch="False" />
                <line number="45" hits="5" branch="False" />
                <line number="47" hits="5" branch="False" />
                <line number="48" hits="5" branch="False" />
                <line number="49" hits="5" branch="False" />
                <line number="50" hits="5" branch="False" />
                <line number="51" hits="3" branch="False" />
              </lines>
            </method>
          </methods>
          <lines>
            <line number="30" hits="3" branch="False" />
            <line number="33" hits="8" branch="False" />
            <line number="34" hits="8" branch="False" />
            <line number="35" hits="8" branch="False" />
            <line number="36" hits="8" branch="False" />
            <line number="37" hits="8" branch="False" />
            <line number="39" hits="8" branch="True" condition-coverage="100% (2/2)">
              <conditions>
                <condition number="184" type="jump" coverage="100%" />
              </conditions>
            </line>
            <line number="40" hits="3" branch="False" />
            <line number="41" hits="3" branch="False" />
            <line number="42" hits="3" branch="False" />
            <line number="45" hits="5" branch="False" />
            <line number="47" hits="5" branch="False" />
            <line number="48" hits="5" branch="False" />
            <line number="49" hits="5" branch="False" />
            <line number="50" hits="5" branch="False" />
            <line number="51" hits="3" branch="False" />
          </lines>
        </class>
        <class name="CodingBash.Workflows.MrsClausWorkFlow" filename="Workflows\MrsClausWorkFlow.cs" line-rate="1" branch-rate="1" complexity="1">
          <methods>
            <method name=".ctor" signature="(System.Collections.Generic.List`1&lt;CodingBash.Interfaces.IToyMachine&gt;,System.Collections.Generic.List`1&lt;CodingBash.Interfaces.IElf&gt;,CodingBash.Interfaces.ISleigh)" line-rate="1" branch-rate="1" complexity="1">
              <lines>
                <line number="23" hits="4" branch="False" />
                <line number="24" hits="4" branch="False" />
                <line number="25" hits="4" branch="False" />
                <line number="26" hits="4" branch="False" />
                <line number="27" hits="4" branch="False" />
                <line number="29" hits="4" branch="False" />
                <line number="30" hits="4" branch="False" />
                <line number="31" hits="4" branch="False" />
                <line number="32" hits="4" branch="False" />
              </lines>
            </method>
          </methods>
          <lines>
            <line number="23" hits="4" branch="False" />
            <line number="24" hits="4" branch="False" />
            <line number="25" hits="4" branch="False" />
            <line number="26" hits="4" branch="False" />
            <line number="27" hits="4" branch="False" />
            <line number="29" hits="4" branch="False" />
            <line number="30" hits="4" branch="False" />
            <line number="31" hits="4" branch="False" />
            <line number="32" hits="4" branch="False" />
          </lines>
        </class>
        <class name="CodingBash.Workflows.MrsClausWorkFlow/&lt;ConcurrentElvesAndToyMachines&gt;d__7" filename="Workflows\MrsClausWorkFlow.cs" line-rate="1" branch-rate="1" complexity="4">
          <methods>
            <method name="MoveNext" signature="()" line-rate="1" branch-rate="1" complexity="4">
              <lines>
                <line number="35" hits="4" branch="False" />
                <line number="36" hits="4" branch="False" />
                <line number="38" hits="22" branch="True" condition-coverage="100% (2/2)">
                  <conditions>
                    <condition number="139" type="jump" coverage="100%" />
                  </conditions>
                </line>
                <line number="39" hits="5" branch="False" />
                <line number="40" hits="5" branch="False" />
                <line number="41" hits="5" branch="False" />
                <line number="42" hits="5" branch="False" />
                <line number="44" hits="32" branch="True" condition-coverage="100% (2/2)">
                  <conditions>
                    <condition number="288" type="jump" coverage="100%" />
                  </conditions>
                </line>
                <line number="45" hits="10" branch="False" />
                <line number="46" hits="10" branch="False" />
                <line number="47" hits="10" branch="False" />
                <line number="48" hits="10" branch="False" />
                <line number="50" hits="4" branch="False" />
                <line number="51" hits="4" branch="False" />
              </lines>
            </method>
          </methods>
          <lines>
            <line number="35" hits="4" branch="False" />
            <line number="36" hits="4" branch="False" />
            <line number="38" hits="22" branch="True" condition-coverage="100% (2/2)">
              <conditions>
                <condition number="139" type="jump" coverage="100%" />
              </conditions>
            </line>
            <line number="39" hits="5" branch="False" />
            <line number="40" hits="5" branch="False" />
            <line number="41" hits="5" branch="False" />
            <line number="42" hits="5" branch="False" />
            <line number="44" hits="32" branch="True" condition-coverage="100% (2/2)">
              <conditions>
                <condition number="288" type="jump" coverage="100%" />
              </conditions>
            </line>
            <line number="45" hits="10" branch="False" />
            <line number="46" hits="10" branch="False" />
            <line number="47" hits="10" branch="False" />
            <line number="48" hits="10" branch="False" />
            <line number="50" hits="4" branch="False" />
            <line number="51" hits="4" branch="False" />
          </lines>
        </class>
        <class name="CodingBash.Workflows.MrsClausWorkFlow/&lt;RunElfs&gt;d__9" filename="Workflows\MrsClausWorkFlow.cs" line-rate="0.7894" branch-rate="0.8332999999999999" complexity="6">
          <methods>
            <method name="MoveNext" signature="()" line-rate="0.7894" branch-rate="0.8332999999999999" complexity="6">
              <lines>
                <line number="79" hits="10" branch="False" />
                <line number="80" hits="68" branch="False" />
                <line number="81" hits="68" branch="False" />
                <line number="83" hits="68" branch="False" />
                <line number="84" hits="68" branch="False" />
                <line number="85" hits="68" branch="False" />
                <line number="86" hits="0" branch="False" />
                <line number="87" hits="0" branch="False" />
                <line number="88" hits="0" branch="False" />
                <line number="92" hits="68" branch="False" />
                <line number="94" hits="68" branch="True" condition-coverage="100% (2/2)">
                  <conditions>
                    <condition number="196" type="jump" coverage="100%" />
                  </conditions>
                </line>
                <line number="95" hits="10" branch="False" />
                <line number="96" hits="10" branch="True" condition-coverage="75% (3/4)">
                  <conditions>
                    <condition number="215" type="jump" coverage="50%" />
                    <condition number="240" type="jump" coverage="100%" />
                  </conditions>
                </line>
                <line number="97" hits="10" branch="False" />
                <line number="98" hits="10" branch="False" />
                <line number="101" hits="0" branch="False" />
                <line number="104" hits="58" branch="False" />
                <line number="105" hits="58" branch="False" />
                <line number="106" hits="10" branch="False" />
              </lines>
            </method>
          </methods>
          <lines>
            <line number="79" hits="10" branch="False" />
            <line number="80" hits="68" branch="False" />
            <line number="81" hits="68" branch="False" />
            <line number="83" hits="68" branch="False" />
            <line number="84" hits="68" branch="False" />
            <line number="85" hits="68" branch="False" />
            <line number="86" hits="0" branch="False" />
            <line number="87" hits="0" branch="False" />
            <line number="88" hits="0" branch="False" />
            <line number="92" hits="68" branch="False" />
            <line number="94" hits="68" branch="True" condition-coverage="100% (2/2)">
              <conditions>
                <condition number="196" type="jump" coverage="100%" />
              </conditions>
            </line>
            <line number="95" hits="10" branch="False" />
            <line number="96" hits="10" branch="True" condition-coverage="75% (3/4)">
              <conditions>
                <condition number="215" type="jump" coverage="50%" />
                <condition number="240" type="jump" coverage="100%" />
              </conditions>
            </line>
            <line number="97" hits="10" branch="False" />
            <line number="98" hits="10" branch="False" />
            <line number="101" hits="0" branch="False" />
            <line number="104" hits="58" branch="False" />
            <line number="105" hits="58" branch="False" />
            <line number="106" hits="10" branch="False" />
          </lines>
        </class>
        <class name="CodingBash.Workflows.MrsClausWorkFlow/&lt;RunToyMachines&gt;d__8" filename="Workflows\MrsClausWorkFlow.cs" line-rate="1" branch-rate="1" complexity="2">
          <methods>
            <method name="MoveNext" signature="()" line-rate="1" branch-rate="1" complexity="2">
              <lines>
                <line number="54" hits="5" branch="False" />
                <line number="56" hits="5" branch="False" />
                <line number="57" hits="63" branch="False" />
                <line number="58" hits="63" branch="False" />
                <line number="59" hits="63" branch="False" />
                <line number="61" hits="63" branch="True" condition-coverage="100% (2/2)">
                  <conditions>
                    <condition number="166" type="jump" coverage="100%" />
                  </conditions>
                </line>
                <line number="62" hits="5" branch="False" />
                <line number="63" hits="5" branch="False" />
                <line number="66" hits="58" branch="False" />
                <line number="67" hits="58" branch="False" />
                <line number="68" hits="58" branch="False" />
                <line number="69" hits="5" branch="False" />
                <line number="71" hits="5" branch="False" />
                <line number="72" hits="5" branch="False" />
                <line number="74" hits="5" branch="False" />
                <line number="75" hits="5" branch="False" />
                <line number="76" hits="5" branch="False" />
              </lines>
            </method>
          </methods>
          <lines>
            <line number="54" hits="5" branch="False" />
            <line number="56" hits="5" branch="False" />
            <line number="57" hits="63" branch="False" />
            <line number="58" hits="63" branch="False" />
            <line number="59" hits="63" branch="False" />
            <line number="61" hits="63" branch="True" condition-coverage="100% (2/2)">
              <conditions>
                <condition number="166" type="jump" coverage="100%" />
              </conditions>
            </line>
            <line number="62" hits="5" branch="False" />
            <line number="63" hits="5" branch="False" />
            <line number="66" hits="58" branch="False" />
            <line number="67" hits="58" branch="False" />
            <line number="68" hits="58" branch="False" />
            <line number="69" hits="5" branch="False" />
            <line number="71" hits="5" branch="False" />
            <line number="72" hits="5" branch="False" />
            <line number="74" hits="5" branch="False" />
            <line number="75" hits="5" branch="False" />
            <line number="76" hits="5" branch="False" />
          </lines>
        </class>
        <class name="CodingBash.Models.Present" filename="Models\Present.cs" line-rate="0.7777" branch-rate="1" complexity="4">
          <methods>
            <method name="get_Id" signature="()" line-rate="1" branch-rate="1" complexity="1">
              <lines>
                <line number="11" hits="310" branch="False" />
              </lines>
            </method>
            <method name="get_FamilyId" signature="()" line-rate="0" branch-rate="1" complexity="1">
              <lines>
                <line number="13" hits="0" branch="False" />
              </lines>
            </method>
            <method name="get_Description" signature="()" line-rate="0" branch-rate="1" complexity="1">
              <lines>
                <line number="15" hits="0" branch="False" />
              </lines>
            </method>
            <method name=".ctor" signature="(System.String,System.String,System.String)" line-rate="1" branch-rate="1" complexity="1">
              <lines>
                <line number="18" hits="63" branch="False" />
                <line number="19" hits="63" branch="False" />
                <line number="20" hits="63" branch="False" />
                <line number="21" hits="63" branch="False" />
                <line number="22" hits="63" branch="False" />
                <line number="23" hits="63" branch="False" />
              </lines>
            </method>
          </methods>
          <lines>
            <line number="11" hits="310" branch="False" />
            <line number="13" hits="0" branch="False" />
            <line number="15" hits="0" branch="False" />
            <line number="18" hits="63" branch="False" />
            <line number="19" hits="63" branch="False" />
            <line number="20" hits="63" branch="False" />
            <line number="21" hits="63" branch="False" />
            <line number="22" hits="63" branch="False" />
            <line number="23" hits="63" branch="False" />
          </lines>
        </class>
      </classes>
    </package>
  </packages>
</coverage>