<?xml version="1.0" encoding="utf-8"?>
<coverage line-rate="0.9625" branch-rate="0.9411" version="1.9" timestamp="1765930574" lines-covered="154" lines-valid="160" branches-covered="32" branches-valid="34">
  <sources>
    <source>C:\Users\pilib\source\repos\CodingBash\CodingBash\</source>
  </sources>
  <packages>
    <package name="CodingBash" line-rate="0.9625" branch-rate="0.9411" complexity="40">
      <classes>
        <class name="CodingBash.Workflows.ElfWorkflow" filename="Workflows\ElfWorkflow.cs" line-rate="1" branch-rate="1" complexity="1">
          <methods>
            <method name=".ctor" signature="(CodingBash.Interfaces.IToyMachine,CodingBash.Interfaces.IElf,CodingBash.Interfaces.ISleigh)" line-rate="1" branch-rate="1" complexity="1">
              <lines>
                <line number="19" hits="3" branch="False" />
                <line number="20" hits="3" branch="False" />
                <line number="21" hits="3" branch="False" />
                <line number="22" hits="3" branch="False" />
                <line number="23" hits="3" branch="False" />
                <line number="24" hits="3" branch="False" />
              </lines>
            </method>
          </methods>
          <lines>
            <line number="19" hits="3" branch="False" />
            <line number="20" hits="3" branch="False" />
            <line number="21" hits="3" branch="False" />
            <line number="22" hits="3" branch="False" />
            <line number="23" hits="3" branch="False" />
            <line number="24" hits="3" branch="False" />
          </lines>
        </class>
        <class name="CodingBash.Workflows.ElfWorkflow/&lt;Work&gt;d__4" filename="Workflows\ElfWorkflow.cs" line-rate="1" branch-rate="1" complexity="2">
          <methods>
            <method name="MoveNext" signature="()" line-rate="1" branch-rate="1" complexity="2">
              <lines>
                <line number="27" hits="3" branch="False" />
                <line number="30" hits="8" branch="False" />
                <line number="31" hits="8" branch="False" />
                <line number="32" hits="8" branch="False" />
                <line number="33" hits="8" branch="False" />
                <line number="34" hits="8" branch="False" />
                <line number="36" hits="8" branch="True" condition-coverage="100% (2/2)">
                  <conditions>
                    <condition number="184" type="jump" coverage="100%" />
                  </conditions>
                </line>
                <line number="37" hits="3" branch="False" />
                <line number="38" hits="3" branch="False" />
                <line number="39" hits="3" branch="False" />
                <line number="42" hits="5" branch="False" />
                <line number="44" hits="5" branch="False" />
                <line number="45" hits="5" branch="False" />
                <line number="46" hits="5" branch="False" />
                <line number="47" hits="5" branch="False" />
                <line number="48" hits="3" branch="False" />
              </lines>
            </method>
          </methods>
          <lines>
            <line number="27" hits="3" branch="False" />
            <line number="30" hits="8" branch="False" />
            <line number="31" hits="8" branch="False" />
            <line number="32" hits="8" branch="False" />
            <line number="33" hits="8" branch="False" />
            <line number="34" hits="8" branch="False" />
            <line number="36" hits="8" branch="True" condition-coverage="100% (2/2)">
              <conditions>
                <condition number="184" type="jump" coverage="100%" />
              </conditions>
            </line>
            <line number="37" hits="3" branch="False" />
            <line number="38" hits="3" branch="False" />
            <line number="39" hits="3" branch="False" />
            <line number="42" hits="5" branch="False" />
            <line number="44" hits="5" branch="False" />
            <line number="45" hits="5" branch="False" />
            <line number="46" hits="5" branch="False" />
            <line number="47" hits="5" branch="False" />
            <line number="48" hits="3" branch="False" />
          </lines>
        </class>
        <class name="CodingBash.Workflows.MrsClausWorkFlow" filename="Workflows\MrsClausWorkFlow.cs" line-rate="0.9444" branch-rate="0.8887999999999999" complexity="19">
          <methods>
            <method name="CancelFamily" signature="(System.String)" line-rate="0.6363" branch-rate="0.5" complexity="2">
              <lines>
                <line number="55" hits="2" branch="False" />
                <line number="56" hits="2" branch="False" />
                <line number="59" hits="2" branch="True" condition-coverage="50% (1/2)">
                  <conditions>
                    <condition number="31" type="jump" coverage="50%" />
                  </conditions>
                </line>
                <line number="60" hits="0" branch="False" />
                <line number="61" hits="0" branch="False" />
                <line number="62" hits="0" branch="False" />
                <line number="63" hits="0" branch="False" />
                <line number="65" hits="2" branch="False" />
                <line number="66" hits="2" branch="False" />
                <line number="67" hits="2" branch="False" />
                <line number="68" hits="2" branch="False" />
              </lines>
            </method>
            <method name="IsFamilyCancelled" signature="(System.String)" line-rate="1" branch-rate="0.5" complexity="2">
              <lines>
                <line number="71" hits="102" branch="False" />
                <line number="72" hits="102" branch="True" condition-coverage="50% (1/2)">
                  <conditions>
                    <condition number="9" type="jump" coverage="50%" />
                  </conditions>
                </line>
                <line number="74" hits="102" branch="False" />
                <line number="75" hits="102" branch="False" />
              </lines>
            </method>
            <method name="EnqueuePresent" signature="(CodingBash.Models.Present)" line-rate="1" branch-rate="1" complexity="2">
              <lines>
                <line number="111" hits="102" branch="False" />
                <line number="112" hits="102" branch="True" condition-coverage="100% (2/2)">
                  <conditions>
                    <condition number="15" type="jump" coverage="100%" />
                  </conditions>
                </line>
                <line number="113" hits="2" branch="False" />
                <line number="114" hits="2" branch="False" />
                <line number="115" hits="2" branch="False" />
                <line number="118" hits="100" branch="False" />
                <line number="119" hits="100" branch="False" />
                <line number="120" hits="168" branch="False" />
                <line number="122" hits="100" branch="False" />
                <line number="124" hits="100" branch="False" />
                <line number="125" hits="102" branch="False" />
              </lines>
            </method>
            <method name="TryGetNextPresentForElf" signature="(System.String&amp;,CodingBash.Models.Present&amp;)" line-rate="1" branch-rate="1" complexity="6">
              <lines>
                <line number="159" hits="118" branch="False" />
                <line number="160" hits="118" branch="True" condition-coverage="100% (2/2)">
                  <conditions>
                    <condition number="13" type="jump" coverage="100%" />
                  </conditions>
                </line>
                <line number="161" hits="100" branch="False" />
                <line number="162" hits="100" branch="True" condition-coverage="100% (2/2)">
                  <conditions>
                    <condition number="27" type="jump" coverage="100%" />
                  </conditions>
                </line>
                <line number="163" hits="32" branch="False" />
                <line number="164" hits="32" branch="False" />
                <line number="166" hits="68" branch="False" />
                <line number="170" hits="86" branch="False" />
                <line number="172" hits="86" branch="True" condition-coverage="100% (2/2)">
                  <conditions>
                    <condition number="51" type="jump" coverage="100%" />
                  </conditions>
                </line>
                <line number="173" hits="68" branch="False" />
                <line number="174" hits="68" branch="False" />
                <line number="175" hits="68" branch="False" />
                <line number="178" hits="18" branch="False" />
                <line number="179" hits="18" branch="False" />
                <line number="180" hits="18" branch="False" />
                <line number="181" hits="118" branch="False" />
              </lines>
            </method>
            <method name="TryDequeueForFamily" signature="(System.String,CodingBash.Models.Present&amp;)" line-rate="1" branch-rate="1" complexity="2">
              <lines>
                <line number="185" hits="101" branch="False" />
                <line number="186" hits="101" branch="False" />
                <line number="189" hits="101" branch="True" condition-coverage="100% (2/2)">
                  <conditions>
                    <condition number="23" type="jump" coverage="100%" />
                  </conditions>
                </line>
                <line number="190" hits="1" branch="False" />
                <line number="191" hits="1" branch="False" />
                <line number="194" hits="100" branch="False" />
                <line number="195" hits="101" branch="False" />
              </lines>
            </method>
            <method name="TryDequeueAny" signature="(CodingBash.Models.Present&amp;,System.String&amp;)" line-rate="1" branch-rate="1" complexity="4">
              <lines>
                <line number="198" hits="87" branch="False" />
                <line number="199" hits="3201" branch="True" condition-coverage="100% (2/2)">
                  <conditions>
                    <condition number="65" type="jump" coverage="100%" />
                  </conditions>
                </line>
                <line number="200" hits="1504" branch="False" />
                <line number="201" hits="1504" branch="False" />
                <line number="203" hits="1504" branch="True" condition-coverage="100% (2/2)">
                  <conditions>
                    <condition number="47" type="jump" coverage="100%" />
                  </conditions>
                </line>
                <line number="204" hits="68" branch="False" />
                <line number="205" hits="68" branch="False" />
                <line number="206" hits="68" branch="False" />
                <line number="208" hits="1436" branch="False" />
                <line number="210" hits="19" branch="False" />
                <line number="211" hits="19" branch="False" />
                <line number="212" hits="19" branch="False" />
                <line number="213" hits="87" branch="False" />
              </lines>
            </method>
            <method name=".ctor" signature="(System.Collections.Generic.List`1&lt;CodingBash.Interfaces.IToyMachine&gt;,System.Collections.Generic.List`1&lt;CodingBash.Interfaces.IElf&gt;,CodingBash.Interfaces.ISleigh)" line-rate="1" branch-rate="1" complexity="1">
              <lines>
                <line number="21" hits="10" branch="False" />
                <line number="22" hits="10" branch="False" />
                <line number="23" hits="10" branch="False" />
                <line number="24" hits="10" branch="False" />
                <line number="25" hits="10" branch="False" />
                <line number="27" hits="10" branch="False" />
                <line number="28" hits="10" branch="False" />
                <line number="29" hits="10" branch="False" />
                <line number="31" hits="10" branch="False" />
                <line number="32" hits="10" branch="False" />
              </lines>
            </method>
          </methods>
          <lines>
            <line number="55" hits="2" branch="False" />
            <line number="56" hits="2" branch="False" />
            <line number="59" hits="2" branch="True" condition-coverage="50% (1/2)">
              <conditions>
                <condition number="31" type="jump" coverage="50%" />
              </conditions>
            </line>
            <line number="60" hits="0" branch="False" />
            <line number="61" hits="0" branch="False" />
            <line number="62" hits="0" branch="False" />
            <line number="63" hits="0" branch="False" />
            <line number="65" hits="2" branch="False" />
            <line number="66" hits="2" branch="False" />
            <line number="67" hits="2" branch="False" />
            <line number="68" hits="2" branch="False" />
            <line number="71" hits="102" branch="False" />
            <line number="72" hits="102" branch="True" condition-coverage="50% (1/2)">
              <conditions>
                <condition number="9" type="jump" coverage="50%" />
              </conditions>
            </line>
            <line number="74" hits="102" branch="False" />
            <line number="75" hits="102" branch="False" />
            <line number="111" hits="102" branch="False" />
            <line number="112" hits="102" branch="True" condition-coverage="100% (2/2)">
              <conditions>
                <condition number="15" type="jump" coverage="100%" />
              </conditions>
            </line>
            <line number="113" hits="2" branch="False" />
            <line number="114" hits="2" branch="False" />
            <line number="115" hits="2" branch="False" />
            <line number="118" hits="100" branch="False" />
            <line number="119" hits="100" branch="False" />
            <line number="120" hits="168" branch="False" />
            <line number="122" hits="100" branch="False" />
            <line number="124" hits="100" branch="False" />
            <line number="125" hits="102" branch="False" />
            <line number="159" hits="118" branch="False" />
            <line number="160" hits="118" branch="True" condition-coverage="100% (2/2)">
              <conditions>
                <condition number="13" type="jump" coverage="100%" />
              </conditions>
            </line>
            <line number="161" hits="100" branch="False" />
            <line number="162" hits="100" branch="True" condition-coverage="100% (2/2)">
              <conditions>
                <condition number="27" type="jump" coverage="100%" />
              </conditions>
            </line>
            <line number="163" hits="32" branch="False" />
            <line number="164" hits="32" branch="False" />
            <line number="166" hits="68" branch="False" />
            <line number="170" hits="86" branch="False" />
            <line number="172" hits="86" branch="True" condition-coverage="100% (2/2)">
              <conditions>
                <condition number="51" type="jump" coverage="100%" />
              </conditions>
            </line>
            <line number="173" hits="68" branch="False" />
            <line number="174" hits="68" branch="False" />
            <line number="175" hits="68" branch="False" />
            <line number="178" hits="18" branch="False" />
            <line number="179" hits="18" branch="False" />
            <line number="180" hits="18" branch="False" />
            <line number="181" hits="118" branch="False" />
            <line number="185" hits="101" branch="False" />
            <line number="186" hits="101" branch="False" />
            <line number="189" hits="101" branch="True" condition-coverage="100% (2/2)">
              <conditions>
                <condition number="23" type="jump" coverage="100%" />
              </conditions>
            </line>
            <line number="190" hits="1" branch="False" />
            <line number="191" hits="1" branch="False" />
            <line number="194" hits="100" branch="False" />
            <line number="195" hits="101" branch="False" />
            <line number="198" hits="87" branch="False" />
            <line number="199" hits="3201" branch="True" condition-coverage="100% (2/2)">
              <conditions>
                <condition number="65" type="jump" coverage="100%" />
              </conditions>
            </line>
            <line number="200" hits="1504" branch="False" />
            <line number="201" hits="1504" branch="False" />
            <line number="203" hits="1504" branch="True" condition-coverage="100% (2/2)">
              <conditions>
                <condition number="47" type="jump" coverage="100%" />
              </conditions>
            </line>
            <line number="204" hits="68" branch="False" />
            <line number="205" hits="68" branch="False" />
            <line number="206" hits="68" branch="False" />
            <line number="208" hits="1436" branch="False" />
            <line number="210" hits="19" branch="False" />
            <line number="211" hits="19" branch="False" />
            <line number="212" hits="19" branch="False" />
            <line number="213" hits="87" branch="False" />
            <line number="21" hits="10" branch="False" />
            <line number="22" hits="10" branch="False" />
            <line number="23" hits="10" branch="False" />
            <line number="24" hits="10" branch="False" />
            <line number="25" hits="10" branch="False" />
            <line number="27" hits="10" branch="False" />
            <line number="28" hits="10" branch="False" />
            <line number="29" hits="10" branch="False" />
            <line number="31" hits="10" branch="False" />
            <line number="32" hits="10" branch="False" />
          </lines>
        </class>
        <class name="CodingBash.Workflows.MrsClausWorkFlow/&lt;ConcurrentElvesAndToyMachines&gt;d__8" filename="Workflows\MrsClausWorkFlow.cs" line-rate="1" branch-rate="1" complexity="4">
          <methods>
            <method name="MoveNext" signature="()" line-rate="1" branch-rate="1" complexity="4">
              <lines>
                <line number="35" hits="8" branch="False" />
                <line number="36" hits="8" branch="False" />
                <line number="38" hits="42" branch="True" condition-coverage="100% (2/2)">
                  <conditions>
                    <condition number="139" type="jump" coverage="100%" />
                  </conditions>
                </line>
                <line number="39" hits="9" branch="False" />
                <line number="40" hits="9" branch="False" />
                <line number="41" hits="9" branch="False" />
                <line number="42" hits="9" branch="False" />
                <line number="44" hits="60" branch="True" condition-coverage="100% (2/2)">
                  <conditions>
                    <condition number="288" type="jump" coverage="100%" />
                  </conditions>
                </line>
                <line number="45" hits="18" branch="False" />
                <line number="46" hits="18" branch="False" />
                <line number="47" hits="18" branch="False" />
                <line number="48" hits="18" branch="False" />
                <line number="50" hits="8" branch="False" />
                <line number="51" hits="8" branch="False" />
              </lines>
            </method>
          </methods>
          <lines>
            <line number="35" hits="8" branch="False" />
            <line number="36" hits="8" branch="False" />
            <line number="38" hits="42" branch="True" condition-coverage="100% (2/2)">
              <conditions>
                <condition number="139" type="jump" coverage="100%" />
              </conditions>
            </line>
            <line number="39" hits="9" branch="False" />
            <line number="40" hits="9" branch="False" />
            <line number="41" hits="9" branch="False" />
            <line number="42" hits="9" branch="False" />
            <line number="44" hits="60" branch="True" condition-coverage="100% (2/2)">
              <conditions>
                <condition number="288" type="jump" coverage="100%" />
              </conditions>
            </line>
            <line number="45" hits="18" branch="False" />
            <line number="46" hits="18" branch="False" />
            <line number="47" hits="18" branch="False" />
            <line number="48" hits="18" branch="False" />
            <line number="50" hits="8" branch="False" />
            <line number="51" hits="8" branch="False" />
          </lines>
        </class>
        <class name="CodingBash.Workflows.MrsClausWorkFlow/&lt;RunElfs&gt;d__13" filename="Workflows\MrsClausWorkFlow.cs" line-rate="0.9473" branch-rate="1" complexity="4">
          <methods>
            <method name="MoveNext" signature="()" line-rate="0.9473" branch-rate="1" complexity="4">
              <lines>
                <line number="128" hits="18" branch="False" />
                <line number="129" hits="18" branch="False" />
                <line number="131" hits="118" branch="False" />
                <line number="132" hits="118" branch="False" />
                <line number="133" hits="118" branch="False" />
                <line number="134" hits="118" branch="False" />
                <line number="135" hits="118" branch="False" />
                <line number="138" hits="118" branch="False" />
                <line number="140" hits="118" branch="True" condition-coverage="100% (2/2)">
                  <conditions>
                    <condition number="196" type="jump" coverage="100%" />
                  </conditions>
                </line>
                <line number="141" hits="18" branch="False" />
                <line number="142" hits="18" branch="True" condition-coverage="100% (2/2)">
                  <conditions>
                    <condition number="222" type="jump" coverage="100%" />
                  </conditions>
                </line>
                <line number="143" hits="18" branch="False" />
                <line number="144" hits="18" branch="False" />
                <line number="148" hits="0" branch="False" />
                <line number="151" hits="100" branch="False" />
                <line number="152" hits="100" branch="False" />
                <line number="153" hits="100" branch="False" />
                <line number="154" hits="100" branch="False" />
                <line number="155" hits="18" branch="False" />
              </lines>
            </method>
          </methods>
          <lines>
            <line number="128" hits="18" branch="False" />
            <line number="129" hits="18" branch="False" />
            <line number="131" hits="118" branch="False" />
            <line number="132" hits="118" branch="False" />
            <line number="133" hits="118" branch="False" />
            <line number="134" hits="118" branch="False" />
            <line number="135" hits="118" branch="False" />
            <line number="138" hits="118" branch="False" />
            <line number="140" hits="118" branch="True" condition-coverage="100% (2/2)">
              <conditions>
                <condition number="196" type="jump" coverage="100%" />
              </conditions>
            </line>
            <line number="141" hits="18" branch="False" />
            <line number="142" hits="18" branch="True" condition-coverage="100% (2/2)">
              <conditions>
                <condition number="222" type="jump" coverage="100%" />
              </conditions>
            </line>
            <line number="143" hits="18" branch="False" />
            <line number="144" hits="18" branch="False" />
            <line number="148" hits="0" branch="False" />
            <line number="151" hits="100" branch="False" />
            <line number="152" hits="100" branch="False" />
            <line number="153" hits="100" branch="False" />
            <line number="154" hits="100" branch="False" />
            <line number="155" hits="18" branch="False" />
          </lines>
        </class>
        <class name="CodingBash.Workflows.MrsClausWorkFlow/&lt;RunToyMachines&gt;d__11" filename="Workflows\MrsClausWorkFlow.cs" line-rate="1" branch-rate="1" complexity="6">
          <methods>
            <method name="MoveNext" signature="()" line-rate="1" branch-rate="1" complexity="6">
              <lines>
                <line number="78" hits="9" branch="False" />
                <line number="80" hits="9" branch="False" />
                <line number="81" hits="111" branch="False" />
                <line number="82" hits="111" branch="False" />
                <line number="83" hits="111" branch="False" />
                <line number="84" hits="111" branch="False" />
                <line number="85" hits="111" branch="False" />
                <line number="87" hits="111" branch="True" condition-coverage="100% (2/2)">
                  <conditions>
                    <condition number="177" type="jump" coverage="100%" />
                  </conditions>
                </line>
                <line number="88" hits="9" branch="False" />
                <line number="90" hits="9" branch="False" />
                <line number="93" hits="102" branch="False" />
                <line number="94" hits="102" branch="False" />
                <line number="95" hits="9" branch="False" />
                <line number="97" hits="9" branch="False" />
                <line number="98" hits="9" branch="False" />
                <line number="100" hits="9" branch="True" condition-coverage="100% (2/2)">
                  <conditions>
                    <condition number="259" type="jump" coverage="100%" />
                  </conditions>
                </line>
                <line number="101" hits="8" branch="False" />
                <line number="102" hits="52" branch="True" condition-coverage="100% (2/2)">
                  <conditions>
                    <condition number="336" type="jump" coverage="100%" />
                  </conditions>
                </line>
                <line number="103" hits="18" branch="False" />
                <line number="104" hits="18" branch="False" />
                <line number="105" hits="18" branch="False" />
                <line number="106" hits="8" branch="False" />
                <line number="107" hits="9" branch="False" />
                <line number="108" hits="9" branch="False" />
              </lines>
            </method>
          </methods>
          <lines>
            <line number="78" hits="9" branch="False" />
            <line number="80" hits="9" branch="False" />
            <line number="81" hits="111" branch="False" />
            <line number="82" hits="111" branch="False" />
            <line number="83" hits="111" branch="False" />
            <line number="84" hits="111" branch="False" />
            <line number="85" hits="111" branch="False" />
            <line number="87" hits="111" branch="True" condition-coverage="100% (2/2)">
              <conditions>
                <condition number="177" type="jump" coverage="100%" />
              </conditions>
            </line>
            <line number="88" hits="9" branch="False" />
            <line number="90" hits="9" branch="False" />
            <line number="93" hits="102" branch="False" />
            <line number="94" hits="102" branch="False" />
            <line number="95" hits="9" branch="False" />
            <line number="97" hits="9" branch="False" />
            <line number="98" hits="9" branch="False" />
            <line number="100" hits="9" branch="True" condition-coverage="100% (2/2)">
              <conditions>
                <condition number="259" type="jump" coverage="100%" />
              </conditions>
            </line>
            <line number="101" hits="8" branch="False" />
            <line number="102" hits="52" branch="True" condition-coverage="100% (2/2)">
              <conditions>
                <condition number="336" type="jump" coverage="100%" />
              </conditions>
            </line>
            <line number="103" hits="18" branch="False" />
            <line number="104" hits="18" branch="False" />
            <line number="105" hits="18" branch="False" />
            <line number="106" hits="8" branch="False" />
            <line number="107" hits="9" branch="False" />
            <line number="108" hits="9" branch="False" />
          </lines>
        </class>
        <class name="CodingBash.Models.Present" filename="Models\Present.cs" line-rate="0.8887999999999999" branch-rate="1" complexity="4">
          <methods>
            <method name="get_Id" signature="()" line-rate="1" branch-rate="1" complexity="1">
              <lines>
                <line number="11" hits="536" branch="False" />
              </lines>
            </method>
            <method name="get_FamilyId" signature="()" line-rate="1" branch-rate="1" complexity="1">
              <lines>
                <line number="13" hits="222" branch="False" />
              </lines>
            </method>
            <method name="get_Description" signature="()" line-rate="0" branch-rate="1" complexity="1">
              <lines>
                <line number="15" hits="0" branch="False" />
              </lines>
            </method>
            <method name=".ctor" signature="(System.String,System.String,System.String)" line-rate="1" branch-rate="1" complexity="1">
              <lines>
                <line number="18" hits="107" branch="False" />
                <line number="19" hits="107" branch="False" />
                <line number="20" hits="107" branch="False" />
                <line number="21" hits="107" branch="False" />
                <line number="22" hits="107" branch="False" />
                <line number="23" hits="107" branch="False" />
              </lines>
            </method>
          </methods>
          <lines>
            <line number="11" hits="536" branch="False" />
            <line number="13" hits="222" branch="False" />
            <line number="15" hits="0" branch="False" />
            <line number="18" hits="107" branch="False" />
            <line number="19" hits="107" branch="False" />
            <line number="20" hits="107" branch="False" />
            <line number="21" hits="107" branch="False" />
            <line number="22" hits="107" branch="False" />
            <line number="23" hits="107" branch="False" />
          </lines>
        </class>
      </classes>
    </package>
  </packages>
</coverage>